<?xml version="1.0" encoding="UTF-8"?>
<testsuites name="jest tests" tests="7" failures="0" errors="0" time="1.837">
  <testsuite name="main.test.js" errors="0" failures="0" skipped="0" timestamp="2022-11-08T06:05:42" time="1.361" tests="7">
    <testcase classname="Counter" name="count amount of undone todos" time="0.023">
    </testcase>
    <testcase classname="Input" name="create and add new ToDo" time="0.115">
    </testcase>
    <testcase classname="Header" name="click on button toggle all todos status" time="0.06">
    </testcase>
    <testcase classname="Filters" name="filter todos: show All" time="0.044">
    </testcase>
    <testcase classname="Filters" name="filter todos: show Active" time="0.028">
    </testcase>
    <testcase classname="Filters" name="filter todos: show completed" time="0.024">
    </testcase>
    <testcase classname="Filters" name="filter todos: delete completed" time="0.022">
    </testcase>
  </testsuite>
</testsuites>