<?xml version="1.0" encoding="UTF-8"?>
<testsuites name="jest tests" tests="7" failures="7" errors="0" time="2.915">
  <testsuite name="main.test.js" errors="0" failures="7" skipped="0" timestamp="2022-12-16T13:08:51" time="2.271" tests="7">
    <testcase classname="Counter" name="count amount of undone todos" time="0.027">
      <failure>Error: expect(received).toBe(expected) // Object.is equality

Expected: 1
Received: 0
    at Object.&lt;anonymous&gt; (/Users/niharikakanakala/Desktop/capstone/main.test.js:22:45)
    at Object.asyncJestTest (/Users/niharikakanakala/Desktop/capstone/node_modules/jest/node_modules/jest-jasmine2/build/jasmineAsyncInstall.js:106:37)
    at /Users/niharikakanakala/Desktop/capstone/node_modules/jest/node_modules/jest-jasmine2/build/queueRunner.js:45:12
    at new Promise (&lt;anonymous&gt;)
    at mapper (/Users/niharikakanakala/Desktop/capstone/node_modules/jest/node_modules/jest-jasmine2/build/queueRunner.js:28:19)
    at /Users/niharikakanakala/Desktop/capstone/node_modules/jest/node_modules/jest-jasmine2/build/queueRunner.js:75:41
    at processTicksAndRejections (internal/process/task_queues.js:95:5)</failure>
    </testcase>
    <testcase classname="Input" name="create and add new ToDo" time="0.127">
      <failure>Error: expect(received).toBe(expected) // Object.is equality

Expected: 2
Received: 1
    at Object.&lt;anonymous&gt; (/Users/niharikakanakala/Desktop/capstone/main.test.js:42:38)
    at Object.asyncJestTest (/Users/niharikakanakala/Desktop/capstone/node_modules/jest/node_modules/jest-jasmine2/build/jasmineAsyncInstall.js:106:37)
    at /Users/niharikakanakala/Desktop/capstone/node_modules/jest/node_modules/jest-jasmine2/build/queueRunner.js:45:12
    at new Promise (&lt;anonymous&gt;)
    at mapper (/Users/niharikakanakala/Desktop/capstone/node_modules/jest/node_modules/jest-jasmine2/build/queueRunner.js:28:19)
    at /Users/niharikakanakala/Desktop/capstone/node_modules/jest/node_modules/jest-jasmine2/build/queueRunner.js:75:41
    at processTicksAndRejections (internal/process/task_queues.js:95:5)</failure>
    </testcase>
    <testcase classname="Header" name="click on button toggle all todos status" time="0.176">
      <failure>TypeError: Cannot read property &apos;payload&apos; of undefined
    at changeStatusReducer (/Users/niharikakanakala/Desktop/capstone/src/redux/slices/todoSlice/reducers/changeStatusReducer.js:7:44)
    at handleToggleAllBtn (/Users/niharikakanakala/Desktop/capstone/src/components/Header/Header.js:60:33)
    at HTMLUnknownElement.callCallback (/Users/niharikakanakala/Desktop/capstone/node_modules/react-dom/cjs/react-dom.development.js:4164:14)
    at HTMLUnknownElement.callTheUserObjectsOperation (/Users/niharikakanakala/Desktop/capstone/node_modules/jsdom/lib/jsdom/living/generated/EventListener.js:26:30)
    at innerInvokeEventListeners (/Users/niharikakanakala/Desktop/capstone/node_modules/jsdom/lib/jsdom/living/events/EventTarget-impl.js:338:25)
    at invokeEventListeners (/Users/niharikakanakala/Desktop/capstone/node_modules/jsdom/lib/jsdom/living/events/EventTarget-impl.js:274:3)
    at HTMLUnknownElementImpl._dispatch (/Users/niharikakanakala/Desktop/capstone/node_modules/jsdom/lib/jsdom/living/events/EventTarget-impl.js:221:9)
    at HTMLUnknownElementImpl.dispatchEvent (/Users/niharikakanakala/Desktop/capstone/node_modules/jsdom/lib/jsdom/living/events/EventTarget-impl.js:94:17)
    at HTMLUnknownElement.dispatchEvent (/Users/niharikakanakala/Desktop/capstone/node_modules/jsdom/lib/jsdom/living/generated/EventTarget.js:231:34)
    at Object.invokeGuardedCallbackDev (/Users/niharikakanakala/Desktop/capstone/node_modules/react-dom/cjs/react-dom.development.js:4213:16)
    at invokeGuardedCallback (/Users/niharikakanakala/Desktop/capstone/node_modules/react-dom/cjs/react-dom.development.js:4277:31)
    at invokeGuardedCallbackAndCatchFirstError (/Users/niharikakanakala/Desktop/capstone/node_modules/react-dom/cjs/react-dom.development.js:4291:25)
    at executeDispatch (/Users/niharikakanakala/Desktop/capstone/node_modules/react-dom/cjs/react-dom.development.js:9041:3)
    at processDispatchQueueItemsInOrder (/Users/niharikakanakala/Desktop/capstone/node_modules/react-dom/cjs/react-dom.development.js:9073:7)
    at processDispatchQueue (/Users/niharikakanakala/Desktop/capstone/node_modules/react-dom/cjs/react-dom.development.js:9086:5)
    at dispatchEventsForPlugins (/Users/niharikakanakala/Desktop/capstone/node_modules/react-dom/cjs/react-dom.development.js:9097:3)
    at /Users/niharikakanakala/Desktop/capstone/node_modules/react-dom/cjs/react-dom.development.js:9288:12
    at batchedUpdates$1 (/Users/niharikakanakala/Desktop/capstone/node_modules/react-dom/cjs/react-dom.development.js:26140:12)
    at batchedUpdates (/Users/niharikakanakala/Desktop/capstone/node_modules/react-dom/cjs/react-dom.development.js:3991:12)
    at dispatchEventForPluginEventSystem (/Users/niharikakanakala/Desktop/capstone/node_modules/react-dom/cjs/react-dom.development.js:9287:3)
    at dispatchEventWithEnableCapturePhaseSelectiveHydrationWithoutDiscreteEventReplay (/Users/niharikakanakala/Desktop/capstone/node_modules/react-dom/cjs/react-dom.development.js:6465:5)
    at dispatchEvent (/Users/niharikakanakala/Desktop/capstone/node_modules/react-dom/cjs/react-dom.development.js:6457:5)
    at dispatchDiscreteEvent (/Users/niharikakanakala/Desktop/capstone/node_modules/react-dom/cjs/react-dom.development.js:6430:5)
    at HTMLDivElement.callTheUserObjectsOperation (/Users/niharikakanakala/Desktop/capstone/node_modules/jsdom/lib/jsdom/living/generated/EventListener.js:26:30)
    at innerInvokeEventListeners (/Users/niharikakanakala/Desktop/capstone/node_modules/jsdom/lib/jsdom/living/events/EventTarget-impl.js:338:25)
    at invokeEventListeners (/Users/niharikakanakala/Desktop/capstone/node_modules/jsdom/lib/jsdom/living/events/EventTarget-impl.js:274:3)
    at HTMLButtonElementImpl._dispatch (/Users/niharikakanakala/Desktop/capstone/node_modules/jsdom/lib/jsdom/living/events/EventTarget-impl.js:221:9)
    at HTMLButtonElementImpl.dispatchEvent (/Users/niharikakanakala/Desktop/capstone/node_modules/jsdom/lib/jsdom/living/events/EventTarget-impl.js:94:17)
    at HTMLButtonElement.dispatchEvent (/Users/niharikakanakala/Desktop/capstone/node_modules/jsdom/lib/jsdom/living/generated/EventTarget.js:231:34)
    at /Users/niharikakanakala/Desktop/capstone/node_modules/@testing-library/dom/dist/events.js:25:20
    at /Users/niharikakanakala/Desktop/capstone/node_modules/@testing-library/react/dist/pure.js:79:16
    at /Users/niharikakanakala/Desktop/capstone/node_modules/@testing-library/react/dist/act-compat.js:64:24
    at act (/Users/niharikakanakala/Desktop/capstone/node_modules/react/cjs/react.development.js:2512:16)
    at /Users/niharikakanakala/Desktop/capstone/node_modules/@testing-library/react/dist/act-compat.js:63:25
    at Object.eventWrapper (/Users/niharikakanakala/Desktop/capstone/node_modules/@testing-library/react/dist/pure.js:78:28)
    at fireEvent (/Users/niharikakanakala/Desktop/capstone/node_modules/@testing-library/dom/dist/events.js:16:35)
    at Function.fireEvent.&lt;computed&gt; [as click] (/Users/niharikakanakala/Desktop/capstone/node_modules/@testing-library/dom/dist/events.js:125:36)
    at fireClick (/Users/niharikakanakala/Desktop/capstone/node_modules/@testing-library/user-event/dist/click.js:150:20)
    at clickElement (/Users/niharikakanakala/Desktop/capstone/node_modules/@testing-library/user-event/dist/click.js:91:5)
    at Object.click (/Users/niharikakanakala/Desktop/capstone/node_modules/@testing-library/user-event/dist/click.js:140:5)
    at Object.&lt;anonymous&gt; (/Users/niharikakanakala/Desktop/capstone/main.test.js:59:17)
    at Object.asyncJestTest (/Users/niharikakanakala/Desktop/capstone/node_modules/jest/node_modules/jest-jasmine2/build/jasmineAsyncInstall.js:106:37)
    at /Users/niharikakanakala/Desktop/capstone/node_modules/jest/node_modules/jest-jasmine2/build/queueRunner.js:45:12
    at new Promise (&lt;anonymous&gt;)
    at mapper (/Users/niharikakanakala/Desktop/capstone/node_modules/jest/node_modules/jest-jasmine2/build/queueRunner.js:28:19)
    at /Users/niharikakanakala/Desktop/capstone/node_modules/jest/node_modules/jest-jasmine2/build/queueRunner.js:75:41
    at processTicksAndRejections (internal/process/task_queues.js:95:5)</failure>
      <failure>TypeError: Cannot read property &apos;payload&apos; of undefined
    at changeStatusReducer (/Users/niharikakanakala/Desktop/capstone/src/redux/slices/todoSlice/reducers/changeStatusReducer.js:7:44)
    at handleToggleAllBtn (/Users/niharikakanakala/Desktop/capstone/src/components/Header/Header.js:60:33)
    at HTMLUnknownElement.callCallback (/Users/niharikakanakala/Desktop/capstone/node_modules/react-dom/cjs/react-dom.development.js:4164:14)
    at HTMLUnknownElement.callTheUserObjectsOperation (/Users/niharikakanakala/Desktop/capstone/node_modules/jsdom/lib/jsdom/living/generated/EventListener.js:26:30)
    at innerInvokeEventListeners (/Users/niharikakanakala/Desktop/capstone/node_modules/jsdom/lib/jsdom/living/events/EventTarget-impl.js:338:25)
    at invokeEventListeners (/Users/niharikakanakala/Desktop/capstone/node_modules/jsdom/lib/jsdom/living/events/EventTarget-impl.js:274:3)
    at HTMLUnknownElementImpl._dispatch (/Users/niharikakanakala/Desktop/capstone/node_modules/jsdom/lib/jsdom/living/events/EventTarget-impl.js:221:9)
    at HTMLUnknownElementImpl.dispatchEvent (/Users/niharikakanakala/Desktop/capstone/node_modules/jsdom/lib/jsdom/living/events/EventTarget-impl.js:94:17)
    at HTMLUnknownElement.dispatchEvent (/Users/niharikakanakala/Desktop/capstone/node_modules/jsdom/lib/jsdom/living/generated/EventTarget.js:231:34)
    at Object.invokeGuardedCallbackDev (/Users/niharikakanakala/Desktop/capstone/node_modules/react-dom/cjs/react-dom.development.js:4213:16)
    at invokeGuardedCallback (/Users/niharikakanakala/Desktop/capstone/node_modules/react-dom/cjs/react-dom.development.js:4277:31)
    at invokeGuardedCallbackAndCatchFirstError (/Users/niharikakanakala/Desktop/capstone/node_modules/react-dom/cjs/react-dom.development.js:4291:25)
    at executeDispatch (/Users/niharikakanakala/Desktop/capstone/node_modules/react-dom/cjs/react-dom.development.js:9041:3)
    at processDispatchQueueItemsInOrder (/Users/niharikakanakala/Desktop/capstone/node_modules/react-dom/cjs/react-dom.development.js:9073:7)
    at processDispatchQueue (/Users/niharikakanakala/Desktop/capstone/node_modules/react-dom/cjs/react-dom.development.js:9086:5)
    at dispatchEventsForPlugins (/Users/niharikakanakala/Desktop/capstone/node_modules/react-dom/cjs/react-dom.development.js:9097:3)
    at /Users/niharikakanakala/Desktop/capstone/node_modules/react-dom/cjs/react-dom.development.js:9288:12
    at batchedUpdates$1 (/Users/niharikakanakala/Desktop/capstone/node_modules/react-dom/cjs/react-dom.development.js:26140:12)
    at batchedUpdates (/Users/niharikakanakala/Desktop/capstone/node_modules/react-dom/cjs/react-dom.development.js:3991:12)
    at dispatchEventForPluginEventSystem (/Users/niharikakanakala/Desktop/capstone/node_modules/react-dom/cjs/react-dom.development.js:9287:3)
    at dispatchEventWithEnableCapturePhaseSelectiveHydrationWithoutDiscreteEventReplay (/Users/niharikakanakala/Desktop/capstone/node_modules/react-dom/cjs/react-dom.development.js:6465:5)
    at dispatchEvent (/Users/niharikakanakala/Desktop/capstone/node_modules/react-dom/cjs/react-dom.development.js:6457:5)
    at dispatchDiscreteEvent (/Users/niharikakanakala/Desktop/capstone/node_modules/react-dom/cjs/react-dom.development.js:6430:5)
    at HTMLDivElement.callTheUserObjectsOperation (/Users/niharikakanakala/Desktop/capstone/node_modules/jsdom/lib/jsdom/living/generated/EventListener.js:26:30)
    at innerInvokeEventListeners (/Users/niharikakanakala/Desktop/capstone/node_modules/jsdom/lib/jsdom/living/events/EventTarget-impl.js:338:25)
    at invokeEventListeners (/Users/niharikakanakala/Desktop/capstone/node_modules/jsdom/lib/jsdom/living/events/EventTarget-impl.js:274:3)
    at HTMLButtonElementImpl._dispatch (/Users/niharikakanakala/Desktop/capstone/node_modules/jsdom/lib/jsdom/living/events/EventTarget-impl.js:221:9)
    at HTMLButtonElementImpl.dispatchEvent (/Users/niharikakanakala/Desktop/capstone/node_modules/jsdom/lib/jsdom/living/events/EventTarget-impl.js:94:17)
    at HTMLButtonElement.dispatchEvent (/Users/niharikakanakala/Desktop/capstone/node_modules/jsdom/lib/jsdom/living/generated/EventTarget.js:231:34)
    at /Users/niharikakanakala/Desktop/capstone/node_modules/@testing-library/dom/dist/events.js:25:20
    at /Users/niharikakanakala/Desktop/capstone/node_modules/@testing-library/react/dist/pure.js:79:16
    at /Users/niharikakanakala/Desktop/capstone/node_modules/@testing-library/react/dist/act-compat.js:64:24
    at act (/Users/niharikakanakala/Desktop/capstone/node_modules/react/cjs/react.development.js:2512:16)
    at /Users/niharikakanakala/Desktop/capstone/node_modules/@testing-library/react/dist/act-compat.js:63:25
    at Object.eventWrapper (/Users/niharikakanakala/Desktop/capstone/node_modules/@testing-library/react/dist/pure.js:78:28)
    at fireEvent (/Users/niharikakanakala/Desktop/capstone/node_modules/@testing-library/dom/dist/events.js:16:35)
    at Function.fireEvent.&lt;computed&gt; [as click] (/Users/niharikakanakala/Desktop/capstone/node_modules/@testing-library/dom/dist/events.js:125:36)
    at fireClick (/Users/niharikakanakala/Desktop/capstone/node_modules/@testing-library/user-event/dist/click.js:150:20)
    at clickElement (/Users/niharikakanakala/Desktop/capstone/node_modules/@testing-library/user-event/dist/click.js:91:5)
    at Object.click (/Users/niharikakanakala/Desktop/capstone/node_modules/@testing-library/user-event/dist/click.js:140:5)
    at Object.&lt;anonymous&gt; (/Users/niharikakanakala/Desktop/capstone/main.test.js:62:17)
    at Object.asyncJestTest (/Users/niharikakanakala/Desktop/capstone/node_modules/jest/node_modules/jest-jasmine2/build/jasmineAsyncInstall.js:106:37)
    at /Users/niharikakanakala/Desktop/capstone/node_modules/jest/node_modules/jest-jasmine2/build/queueRunner.js:45:12
    at new Promise (&lt;anonymous&gt;)
    at mapper (/Users/niharikakanakala/Desktop/capstone/node_modules/jest/node_modules/jest-jasmine2/build/queueRunner.js:28:19)
    at /Users/niharikakanakala/Desktop/capstone/node_modules/jest/node_modules/jest-jasmine2/build/queueRunner.js:75:41
    at processTicksAndRejections (internal/process/task_queues.js:95:5)</failure>
    </testcase>
    <testcase classname="Filters" name="filter todos: show All" time="0.067">
      <failure>ReferenceError: updState is not defined
    at displayAllReducer (/Users/niharikakanakala/Desktop/capstone/src/redux/slices/todoSlice/reducers/displayAllReducer.js:12:42)
    at handleDisplayAll (/Users/niharikakanakala/Desktop/capstone/src/components/Footer/Filters/Filters.js:70:31)
    at HTMLUnknownElement.callCallback (/Users/niharikakanakala/Desktop/capstone/node_modules/react-dom/cjs/react-dom.development.js:4164:14)
    at HTMLUnknownElement.callTheUserObjectsOperation (/Users/niharikakanakala/Desktop/capstone/node_modules/jsdom/lib/jsdom/living/generated/EventListener.js:26:30)
    at innerInvokeEventListeners (/Users/niharikakanakala/Desktop/capstone/node_modules/jsdom/lib/jsdom/living/events/EventTarget-impl.js:338:25)
    at invokeEventListeners (/Users/niharikakanakala/Desktop/capstone/node_modules/jsdom/lib/jsdom/living/events/EventTarget-impl.js:274:3)
    at HTMLUnknownElementImpl._dispatch (/Users/niharikakanakala/Desktop/capstone/node_modules/jsdom/lib/jsdom/living/events/EventTarget-impl.js:221:9)
    at HTMLUnknownElementImpl.dispatchEvent (/Users/niharikakanakala/Desktop/capstone/node_modules/jsdom/lib/jsdom/living/events/EventTarget-impl.js:94:17)
    at HTMLUnknownElement.dispatchEvent (/Users/niharikakanakala/Desktop/capstone/node_modules/jsdom/lib/jsdom/living/generated/EventTarget.js:231:34)
    at Object.invokeGuardedCallbackDev (/Users/niharikakanakala/Desktop/capstone/node_modules/react-dom/cjs/react-dom.development.js:4213:16)
    at invokeGuardedCallback (/Users/niharikakanakala/Desktop/capstone/node_modules/react-dom/cjs/react-dom.development.js:4277:31)
    at invokeGuardedCallbackAndCatchFirstError (/Users/niharikakanakala/Desktop/capstone/node_modules/react-dom/cjs/react-dom.development.js:4291:25)
    at executeDispatch (/Users/niharikakanakala/Desktop/capstone/node_modules/react-dom/cjs/react-dom.development.js:9041:3)
    at processDispatchQueueItemsInOrder (/Users/niharikakanakala/Desktop/capstone/node_modules/react-dom/cjs/react-dom.development.js:9073:7)
    at processDispatchQueue (/Users/niharikakanakala/Desktop/capstone/node_modules/react-dom/cjs/react-dom.development.js:9086:5)
    at dispatchEventsForPlugins (/Users/niharikakanakala/Desktop/capstone/node_modules/react-dom/cjs/react-dom.development.js:9097:3)
    at /Users/niharikakanakala/Desktop/capstone/node_modules/react-dom/cjs/react-dom.development.js:9288:12
    at batchedUpdates$1 (/Users/niharikakanakala/Desktop/capstone/node_modules/react-dom/cjs/react-dom.development.js:26140:12)
    at batchedUpdates (/Users/niharikakanakala/Desktop/capstone/node_modules/react-dom/cjs/react-dom.development.js:3991:12)
    at dispatchEventForPluginEventSystem (/Users/niharikakanakala/Desktop/capstone/node_modules/react-dom/cjs/react-dom.development.js:9287:3)
    at dispatchEventWithEnableCapturePhaseSelectiveHydrationWithoutDiscreteEventReplay (/Users/niharikakanakala/Desktop/capstone/node_modules/react-dom/cjs/react-dom.development.js:6465:5)
    at dispatchEvent (/Users/niharikakanakala/Desktop/capstone/node_modules/react-dom/cjs/react-dom.development.js:6457:5)
    at dispatchDiscreteEvent (/Users/niharikakanakala/Desktop/capstone/node_modules/react-dom/cjs/react-dom.development.js:6430:5)
    at HTMLDivElement.callTheUserObjectsOperation (/Users/niharikakanakala/Desktop/capstone/node_modules/jsdom/lib/jsdom/living/generated/EventListener.js:26:30)
    at innerInvokeEventListeners (/Users/niharikakanakala/Desktop/capstone/node_modules/jsdom/lib/jsdom/living/events/EventTarget-impl.js:338:25)
    at invokeEventListeners (/Users/niharikakanakala/Desktop/capstone/node_modules/jsdom/lib/jsdom/living/events/EventTarget-impl.js:274:3)
    at HTMLButtonElementImpl._dispatch (/Users/niharikakanakala/Desktop/capstone/node_modules/jsdom/lib/jsdom/living/events/EventTarget-impl.js:221:9)
    at HTMLButtonElementImpl.dispatchEvent (/Users/niharikakanakala/Desktop/capstone/node_modules/jsdom/lib/jsdom/living/events/EventTarget-impl.js:94:17)
    at HTMLButtonElement.dispatchEvent (/Users/niharikakanakala/Desktop/capstone/node_modules/jsdom/lib/jsdom/living/generated/EventTarget.js:231:34)
    at /Users/niharikakanakala/Desktop/capstone/node_modules/@testing-library/dom/dist/events.js:25:20
    at /Users/niharikakanakala/Desktop/capstone/node_modules/@testing-library/react/dist/pure.js:79:16
    at /Users/niharikakanakala/Desktop/capstone/node_modules/@testing-library/react/dist/act-compat.js:64:24
    at act (/Users/niharikakanakala/Desktop/capstone/node_modules/react/cjs/react.development.js:2512:16)
    at /Users/niharikakanakala/Desktop/capstone/node_modules/@testing-library/react/dist/act-compat.js:63:25
    at Object.eventWrapper (/Users/niharikakanakala/Desktop/capstone/node_modules/@testing-library/react/dist/pure.js:78:28)
    at fireEvent (/Users/niharikakanakala/Desktop/capstone/node_modules/@testing-library/dom/dist/events.js:16:35)
    at Function.fireEvent.&lt;computed&gt; [as click] (/Users/niharikakanakala/Desktop/capstone/node_modules/@testing-library/dom/dist/events.js:125:36)
    at fireClick (/Users/niharikakanakala/Desktop/capstone/node_modules/@testing-library/user-event/dist/click.js:150:20)
    at clickElement (/Users/niharikakanakala/Desktop/capstone/node_modules/@testing-library/user-event/dist/click.js:91:5)
    at Object.click (/Users/niharikakanakala/Desktop/capstone/node_modules/@testing-library/user-event/dist/click.js:140:5)
    at Object.&lt;anonymous&gt; (/Users/niharikakanakala/Desktop/capstone/main.test.js:76:17)
    at Object.asyncJestTest (/Users/niharikakanakala/Desktop/capstone/node_modules/jest/node_modules/jest-jasmine2/build/jasmineAsyncInstall.js:106:37)
    at /Users/niharikakanakala/Desktop/capstone/node_modules/jest/node_modules/jest-jasmine2/build/queueRunner.js:45:12
    at new Promise (&lt;anonymous&gt;)
    at mapper (/Users/niharikakanakala/Desktop/capstone/node_modules/jest/node_modules/jest-jasmine2/build/queueRunner.js:28:19)
    at /Users/niharikakanakala/Desktop/capstone/node_modules/jest/node_modules/jest-jasmine2/build/queueRunner.js:75:41
    at processTicksAndRejections (internal/process/task_queues.js:95:5)</failure>
    </testcase>
    <testcase classname="Filters" name="filter todos: show Active" time="0.046">
      <failure>ReferenceError: updState is not defined
    at displayActiveReducer (/Users/niharikakanakala/Desktop/capstone/src/redux/slices/todoSlice/reducers/displayActiveReducer.js:15:42)
    at handleDisplayActive (/Users/niharikakanakala/Desktop/capstone/src/components/Footer/Filters/Filters.js:74:34)
    at HTMLUnknownElement.callCallback (/Users/niharikakanakala/Desktop/capstone/node_modules/react-dom/cjs/react-dom.development.js:4164:14)
    at HTMLUnknownElement.callTheUserObjectsOperation (/Users/niharikakanakala/Desktop/capstone/node_modules/jsdom/lib/jsdom/living/generated/EventListener.js:26:30)
    at innerInvokeEventListeners (/Users/niharikakanakala/Desktop/capstone/node_modules/jsdom/lib/jsdom/living/events/EventTarget-impl.js:338:25)
    at invokeEventListeners (/Users/niharikakanakala/Desktop/capstone/node_modules/jsdom/lib/jsdom/living/events/EventTarget-impl.js:274:3)
    at HTMLUnknownElementImpl._dispatch (/Users/niharikakanakala/Desktop/capstone/node_modules/jsdom/lib/jsdom/living/events/EventTarget-impl.js:221:9)
    at HTMLUnknownElementImpl.dispatchEvent (/Users/niharikakanakala/Desktop/capstone/node_modules/jsdom/lib/jsdom/living/events/EventTarget-impl.js:94:17)
    at HTMLUnknownElement.dispatchEvent (/Users/niharikakanakala/Desktop/capstone/node_modules/jsdom/lib/jsdom/living/generated/EventTarget.js:231:34)
    at Object.invokeGuardedCallbackDev (/Users/niharikakanakala/Desktop/capstone/node_modules/react-dom/cjs/react-dom.development.js:4213:16)
    at invokeGuardedCallback (/Users/niharikakanakala/Desktop/capstone/node_modules/react-dom/cjs/react-dom.development.js:4277:31)
    at invokeGuardedCallbackAndCatchFirstError (/Users/niharikakanakala/Desktop/capstone/node_modules/react-dom/cjs/react-dom.development.js:4291:25)
    at executeDispatch (/Users/niharikakanakala/Desktop/capstone/node_modules/react-dom/cjs/react-dom.development.js:9041:3)
    at processDispatchQueueItemsInOrder (/Users/niharikakanakala/Desktop/capstone/node_modules/react-dom/cjs/react-dom.development.js:9073:7)
    at processDispatchQueue (/Users/niharikakanakala/Desktop/capstone/node_modules/react-dom/cjs/react-dom.development.js:9086:5)
    at dispatchEventsForPlugins (/Users/niharikakanakala/Desktop/capstone/node_modules/react-dom/cjs/react-dom.development.js:9097:3)
    at /Users/niharikakanakala/Desktop/capstone/node_modules/react-dom/cjs/react-dom.development.js:9288:12
    at batchedUpdates$1 (/Users/niharikakanakala/Desktop/capstone/node_modules/react-dom/cjs/react-dom.development.js:26140:12)
    at batchedUpdates (/Users/niharikakanakala/Desktop/capstone/node_modules/react-dom/cjs/react-dom.development.js:3991:12)
    at dispatchEventForPluginEventSystem (/Users/niharikakanakala/Desktop/capstone/node_modules/react-dom/cjs/react-dom.development.js:9287:3)
    at dispatchEventWithEnableCapturePhaseSelectiveHydrationWithoutDiscreteEventReplay (/Users/niharikakanakala/Desktop/capstone/node_modules/react-dom/cjs/react-dom.development.js:6465:5)
    at dispatchEvent (/Users/niharikakanakala/Desktop/capstone/node_modules/react-dom/cjs/react-dom.development.js:6457:5)
    at dispatchDiscreteEvent (/Users/niharikakanakala/Desktop/capstone/node_modules/react-dom/cjs/react-dom.development.js:6430:5)
    at HTMLDivElement.callTheUserObjectsOperation (/Users/niharikakanakala/Desktop/capstone/node_modules/jsdom/lib/jsdom/living/generated/EventListener.js:26:30)
    at innerInvokeEventListeners (/Users/niharikakanakala/Desktop/capstone/node_modules/jsdom/lib/jsdom/living/events/EventTarget-impl.js:338:25)
    at invokeEventListeners (/Users/niharikakanakala/Desktop/capstone/node_modules/jsdom/lib/jsdom/living/events/EventTarget-impl.js:274:3)
    at HTMLButtonElementImpl._dispatch (/Users/niharikakanakala/Desktop/capstone/node_modules/jsdom/lib/jsdom/living/events/EventTarget-impl.js:221:9)
    at HTMLButtonElementImpl.dispatchEvent (/Users/niharikakanakala/Desktop/capstone/node_modules/jsdom/lib/jsdom/living/events/EventTarget-impl.js:94:17)
    at HTMLButtonElement.dispatchEvent (/Users/niharikakanakala/Desktop/capstone/node_modules/jsdom/lib/jsdom/living/generated/EventTarget.js:231:34)
    at /Users/niharikakanakala/Desktop/capstone/node_modules/@testing-library/dom/dist/events.js:25:20
    at /Users/niharikakanakala/Desktop/capstone/node_modules/@testing-library/react/dist/pure.js:79:16
    at /Users/niharikakanakala/Desktop/capstone/node_modules/@testing-library/react/dist/act-compat.js:64:24
    at act (/Users/niharikakanakala/Desktop/capstone/node_modules/react/cjs/react.development.js:2512:16)
    at /Users/niharikakanakala/Desktop/capstone/node_modules/@testing-library/react/dist/act-compat.js:63:25
    at Object.eventWrapper (/Users/niharikakanakala/Desktop/capstone/node_modules/@testing-library/react/dist/pure.js:78:28)
    at fireEvent (/Users/niharikakanakala/Desktop/capstone/node_modules/@testing-library/dom/dist/events.js:16:35)
    at Function.fireEvent.&lt;computed&gt; [as click] (/Users/niharikakanakala/Desktop/capstone/node_modules/@testing-library/dom/dist/events.js:125:36)
    at fireClick (/Users/niharikakanakala/Desktop/capstone/node_modules/@testing-library/user-event/dist/click.js:150:20)
    at clickElement (/Users/niharikakanakala/Desktop/capstone/node_modules/@testing-library/user-event/dist/click.js:91:5)
    at Object.click (/Users/niharikakanakala/Desktop/capstone/node_modules/@testing-library/user-event/dist/click.js:140:5)
    at Object.&lt;anonymous&gt; (/Users/niharikakanakala/Desktop/capstone/main.test.js:91:17)
    at Object.asyncJestTest (/Users/niharikakanakala/Desktop/capstone/node_modules/jest/node_modules/jest-jasmine2/build/jasmineAsyncInstall.js:106:37)
    at /Users/niharikakanakala/Desktop/capstone/node_modules/jest/node_modules/jest-jasmine2/build/queueRunner.js:45:12
    at new Promise (&lt;anonymous&gt;)
    at mapper (/Users/niharikakanakala/Desktop/capstone/node_modules/jest/node_modules/jest-jasmine2/build/queueRunner.js:28:19)
    at /Users/niharikakanakala/Desktop/capstone/node_modules/jest/node_modules/jest-jasmine2/build/queueRunner.js:75:41
    at processTicksAndRejections (internal/process/task_queues.js:95:5)</failure>
      <failure>Error: expect(received).toBe(expected) // Object.is equality

Expected: &quot;active&quot;
Received: &quot;all&quot;
    at Object.&lt;anonymous&gt; (/Users/niharikakanakala/Desktop/capstone/main.test.js:93:51)
    at Object.asyncJestTest (/Users/niharikakanakala/Desktop/capstone/node_modules/jest/node_modules/jest-jasmine2/build/jasmineAsyncInstall.js:106:37)
    at /Users/niharikakanakala/Desktop/capstone/node_modules/jest/node_modules/jest-jasmine2/build/queueRunner.js:45:12
    at new Promise (&lt;anonymous&gt;)
    at mapper (/Users/niharikakanakala/Desktop/capstone/node_modules/jest/node_modules/jest-jasmine2/build/queueRunner.js:28:19)
    at /Users/niharikakanakala/Desktop/capstone/node_modules/jest/node_modules/jest-jasmine2/build/queueRunner.js:75:41
    at processTicksAndRejections (internal/process/task_queues.js:95:5)</failure>
    </testcase>
    <testcase classname="Filters" name="filter todos: show completed" time="0.043">
      <failure>TypeError: undefined is not iterable (cannot read property Symbol(Symbol.iterator))
    at _iterableToArray (/Users/niharikakanakala/Desktop/capstone/node_modules/@babel/runtime/helpers/iterableToArray.js:2:44)
    at _toConsumableArray (/Users/niharikakanakala/Desktop/capstone/node_modules/@babel/runtime/helpers/toConsumableArray.js:6:36)
    at displayCompletedReducer (/Users/niharikakanakala/Desktop/capstone/src/redux/slices/todoSlice/reducers/displaycompletedReducer.js:9:20)
    at handleDisplayCompleted (/Users/niharikakanakala/Desktop/capstone/src/components/Footer/Filters/Filters.js:78:37)
    at HTMLUnknownElement.callCallback (/Users/niharikakanakala/Desktop/capstone/node_modules/react-dom/cjs/react-dom.development.js:4164:14)
    at HTMLUnknownElement.callTheUserObjectsOperation (/Users/niharikakanakala/Desktop/capstone/node_modules/jsdom/lib/jsdom/living/generated/EventListener.js:26:30)
    at innerInvokeEventListeners (/Users/niharikakanakala/Desktop/capstone/node_modules/jsdom/lib/jsdom/living/events/EventTarget-impl.js:338:25)
    at invokeEventListeners (/Users/niharikakanakala/Desktop/capstone/node_modules/jsdom/lib/jsdom/living/events/EventTarget-impl.js:274:3)
    at HTMLUnknownElementImpl._dispatch (/Users/niharikakanakala/Desktop/capstone/node_modules/jsdom/lib/jsdom/living/events/EventTarget-impl.js:221:9)
    at HTMLUnknownElementImpl.dispatchEvent (/Users/niharikakanakala/Desktop/capstone/node_modules/jsdom/lib/jsdom/living/events/EventTarget-impl.js:94:17)
    at HTMLUnknownElement.dispatchEvent (/Users/niharikakanakala/Desktop/capstone/node_modules/jsdom/lib/jsdom/living/generated/EventTarget.js:231:34)
    at Object.invokeGuardedCallbackDev (/Users/niharikakanakala/Desktop/capstone/node_modules/react-dom/cjs/react-dom.development.js:4213:16)
    at invokeGuardedCallback (/Users/niharikakanakala/Desktop/capstone/node_modules/react-dom/cjs/react-dom.development.js:4277:31)
    at invokeGuardedCallbackAndCatchFirstError (/Users/niharikakanakala/Desktop/capstone/node_modules/react-dom/cjs/react-dom.development.js:4291:25)
    at executeDispatch (/Users/niharikakanakala/Desktop/capstone/node_modules/react-dom/cjs/react-dom.development.js:9041:3)
    at processDispatchQueueItemsInOrder (/Users/niharikakanakala/Desktop/capstone/node_modules/react-dom/cjs/react-dom.development.js:9073:7)
    at processDispatchQueue (/Users/niharikakanakala/Desktop/capstone/node_modules/react-dom/cjs/react-dom.development.js:9086:5)
    at dispatchEventsForPlugins (/Users/niharikakanakala/Desktop/capstone/node_modules/react-dom/cjs/react-dom.development.js:9097:3)
    at /Users/niharikakanakala/Desktop/capstone/node_modules/react-dom/cjs/react-dom.development.js:9288:12
    at batchedUpdates$1 (/Users/niharikakanakala/Desktop/capstone/node_modules/react-dom/cjs/react-dom.development.js:26140:12)
    at batchedUpdates (/Users/niharikakanakala/Desktop/capstone/node_modules/react-dom/cjs/react-dom.development.js:3991:12)
    at dispatchEventForPluginEventSystem (/Users/niharikakanakala/Desktop/capstone/node_modules/react-dom/cjs/react-dom.development.js:9287:3)
    at dispatchEventWithEnableCapturePhaseSelectiveHydrationWithoutDiscreteEventReplay (/Users/niharikakanakala/Desktop/capstone/node_modules/react-dom/cjs/react-dom.development.js:6465:5)
    at dispatchEvent (/Users/niharikakanakala/Desktop/capstone/node_modules/react-dom/cjs/react-dom.development.js:6457:5)
    at dispatchDiscreteEvent (/Users/niharikakanakala/Desktop/capstone/node_modules/react-dom/cjs/react-dom.development.js:6430:5)
    at HTMLDivElement.callTheUserObjectsOperation (/Users/niharikakanakala/Desktop/capstone/node_modules/jsdom/lib/jsdom/living/generated/EventListener.js:26:30)
    at innerInvokeEventListeners (/Users/niharikakanakala/Desktop/capstone/node_modules/jsdom/lib/jsdom/living/events/EventTarget-impl.js:338:25)
    at invokeEventListeners (/Users/niharikakanakala/Desktop/capstone/node_modules/jsdom/lib/jsdom/living/events/EventTarget-impl.js:274:3)
    at HTMLButtonElementImpl._dispatch (/Users/niharikakanakala/Desktop/capstone/node_modules/jsdom/lib/jsdom/living/events/EventTarget-impl.js:221:9)
    at HTMLButtonElementImpl.dispatchEvent (/Users/niharikakanakala/Desktop/capstone/node_modules/jsdom/lib/jsdom/living/events/EventTarget-impl.js:94:17)
    at HTMLButtonElement.dispatchEvent (/Users/niharikakanakala/Desktop/capstone/node_modules/jsdom/lib/jsdom/living/generated/EventTarget.js:231:34)
    at /Users/niharikakanakala/Desktop/capstone/node_modules/@testing-library/dom/dist/events.js:25:20
    at /Users/niharikakanakala/Desktop/capstone/node_modules/@testing-library/react/dist/pure.js:79:16
    at /Users/niharikakanakala/Desktop/capstone/node_modules/@testing-library/react/dist/act-compat.js:64:24
    at act (/Users/niharikakanakala/Desktop/capstone/node_modules/react/cjs/react.development.js:2512:16)
    at /Users/niharikakanakala/Desktop/capstone/node_modules/@testing-library/react/dist/act-compat.js:63:25
    at Object.eventWrapper (/Users/niharikakanakala/Desktop/capstone/node_modules/@testing-library/react/dist/pure.js:78:28)
    at fireEvent (/Users/niharikakanakala/Desktop/capstone/node_modules/@testing-library/dom/dist/events.js:16:35)
    at Function.fireEvent.&lt;computed&gt; [as click] (/Users/niharikakanakala/Desktop/capstone/node_modules/@testing-library/dom/dist/events.js:125:36)
    at fireClick (/Users/niharikakanakala/Desktop/capstone/node_modules/@testing-library/user-event/dist/click.js:150:20)
    at clickElement (/Users/niharikakanakala/Desktop/capstone/node_modules/@testing-library/user-event/dist/click.js:91:5)
    at Object.click (/Users/niharikakanakala/Desktop/capstone/node_modules/@testing-library/user-event/dist/click.js:140:5)
    at Object.&lt;anonymous&gt; (/Users/niharikakanakala/Desktop/capstone/main.test.js:112:17)
    at Object.asyncJestTest (/Users/niharikakanakala/Desktop/capstone/node_modules/jest/node_modules/jest-jasmine2/build/jasmineAsyncInstall.js:106:37)
    at /Users/niharikakanakala/Desktop/capstone/node_modules/jest/node_modules/jest-jasmine2/build/queueRunner.js:45:12
    at new Promise (&lt;anonymous&gt;)
    at mapper (/Users/niharikakanakala/Desktop/capstone/node_modules/jest/node_modules/jest-jasmine2/build/queueRunner.js:28:19)
    at /Users/niharikakanakala/Desktop/capstone/node_modules/jest/node_modules/jest-jasmine2/build/queueRunner.js:75:41
    at processTicksAndRejections (internal/process/task_queues.js:95:5)</failure>
      <failure>Error: expect(received).toBe(expected) // Object.is equality

Expected: &quot;completed&quot;
Received: &quot;all&quot;
    at Object.&lt;anonymous&gt; (/Users/niharikakanakala/Desktop/capstone/main.test.js:114:51)
    at Object.asyncJestTest (/Users/niharikakanakala/Desktop/capstone/node_modules/jest/node_modules/jest-jasmine2/build/jasmineAsyncInstall.js:106:37)
    at /Users/niharikakanakala/Desktop/capstone/node_modules/jest/node_modules/jest-jasmine2/build/queueRunner.js:45:12
    at new Promise (&lt;anonymous&gt;)
    at mapper (/Users/niharikakanakala/Desktop/capstone/node_modules/jest/node_modules/jest-jasmine2/build/queueRunner.js:28:19)
    at /Users/niharikakanakala/Desktop/capstone/node_modules/jest/node_modules/jest-jasmine2/build/queueRunner.js:75:41
    at processTicksAndRejections (internal/process/task_queues.js:95:5)</failure>
    </testcase>
    <testcase classname="Filters" name="filter todos: delete completed" time="0.025">
      <failure>TypeError: Cannot read property &apos;payload&apos; of undefined
    at deleteTodoReducer (/Users/niharikakanakala/Desktop/capstone/src/redux/slices/todoSlice/reducers/deleteTodoReducer.js:7:50)
    at handleDeleteAll (/Users/niharikakanakala/Desktop/capstone/src/components/Footer/Filters/Filters.js:81:59)
    at HTMLUnknownElement.callCallback (/Users/niharikakanakala/Desktop/capstone/node_modules/react-dom/cjs/react-dom.development.js:4164:14)
    at HTMLUnknownElement.callTheUserObjectsOperation (/Users/niharikakanakala/Desktop/capstone/node_modules/jsdom/lib/jsdom/living/generated/EventListener.js:26:30)
    at innerInvokeEventListeners (/Users/niharikakanakala/Desktop/capstone/node_modules/jsdom/lib/jsdom/living/events/EventTarget-impl.js:338:25)
    at invokeEventListeners (/Users/niharikakanakala/Desktop/capstone/node_modules/jsdom/lib/jsdom/living/events/EventTarget-impl.js:274:3)
    at HTMLUnknownElementImpl._dispatch (/Users/niharikakanakala/Desktop/capstone/node_modules/jsdom/lib/jsdom/living/events/EventTarget-impl.js:221:9)
    at HTMLUnknownElementImpl.dispatchEvent (/Users/niharikakanakala/Desktop/capstone/node_modules/jsdom/lib/jsdom/living/events/EventTarget-impl.js:94:17)
    at HTMLUnknownElement.dispatchEvent (/Users/niharikakanakala/Desktop/capstone/node_modules/jsdom/lib/jsdom/living/generated/EventTarget.js:231:34)
    at Object.invokeGuardedCallbackDev (/Users/niharikakanakala/Desktop/capstone/node_modules/react-dom/cjs/react-dom.development.js:4213:16)
    at invokeGuardedCallback (/Users/niharikakanakala/Desktop/capstone/node_modules/react-dom/cjs/react-dom.development.js:4277:31)
    at invokeGuardedCallbackAndCatchFirstError (/Users/niharikakanakala/Desktop/capstone/node_modules/react-dom/cjs/react-dom.development.js:4291:25)
    at executeDispatch (/Users/niharikakanakala/Desktop/capstone/node_modules/react-dom/cjs/react-dom.development.js:9041:3)
    at processDispatchQueueItemsInOrder (/Users/niharikakanakala/Desktop/capstone/node_modules/react-dom/cjs/react-dom.development.js:9073:7)
    at processDispatchQueue (/Users/niharikakanakala/Desktop/capstone/node_modules/react-dom/cjs/react-dom.development.js:9086:5)
    at dispatchEventsForPlugins (/Users/niharikakanakala/Desktop/capstone/node_modules/react-dom/cjs/react-dom.development.js:9097:3)
    at /Users/niharikakanakala/Desktop/capstone/node_modules/react-dom/cjs/react-dom.development.js:9288:12
    at batchedUpdates$1 (/Users/niharikakanakala/Desktop/capstone/node_modules/react-dom/cjs/react-dom.development.js:26140:12)
    at batchedUpdates (/Users/niharikakanakala/Desktop/capstone/node_modules/react-dom/cjs/react-dom.development.js:3991:12)
    at dispatchEventForPluginEventSystem (/Users/niharikakanakala/Desktop/capstone/node_modules/react-dom/cjs/react-dom.development.js:9287:3)
    at dispatchEventWithEnableCapturePhaseSelectiveHydrationWithoutDiscreteEventReplay (/Users/niharikakanakala/Desktop/capstone/node_modules/react-dom/cjs/react-dom.development.js:6465:5)
    at dispatchEvent (/Users/niharikakanakala/Desktop/capstone/node_modules/react-dom/cjs/react-dom.development.js:6457:5)
    at dispatchDiscreteEvent (/Users/niharikakanakala/Desktop/capstone/node_modules/react-dom/cjs/react-dom.development.js:6430:5)
    at HTMLDivElement.callTheUserObjectsOperation (/Users/niharikakanakala/Desktop/capstone/node_modules/jsdom/lib/jsdom/living/generated/EventListener.js:26:30)
    at innerInvokeEventListeners (/Users/niharikakanakala/Desktop/capstone/node_modules/jsdom/lib/jsdom/living/events/EventTarget-impl.js:338:25)
    at invokeEventListeners (/Users/niharikakanakala/Desktop/capstone/node_modules/jsdom/lib/jsdom/living/events/EventTarget-impl.js:274:3)
    at HTMLButtonElementImpl._dispatch (/Users/niharikakanakala/Desktop/capstone/node_modules/jsdom/lib/jsdom/living/events/EventTarget-impl.js:221:9)
    at HTMLButtonElementImpl.dispatchEvent (/Users/niharikakanakala/Desktop/capstone/node_modules/jsdom/lib/jsdom/living/events/EventTarget-impl.js:94:17)
    at HTMLButtonElement.dispatchEvent (/Users/niharikakanakala/Desktop/capstone/node_modules/jsdom/lib/jsdom/living/generated/EventTarget.js:231:34)
    at /Users/niharikakanakala/Desktop/capstone/node_modules/@testing-library/dom/dist/events.js:25:20
    at /Users/niharikakanakala/Desktop/capstone/node_modules/@testing-library/react/dist/pure.js:79:16
    at /Users/niharikakanakala/Desktop/capstone/node_modules/@testing-library/react/dist/act-compat.js:64:24
    at act (/Users/niharikakanakala/Desktop/capstone/node_modules/react/cjs/react.development.js:2512:16)
    at /Users/niharikakanakala/Desktop/capstone/node_modules/@testing-library/react/dist/act-compat.js:63:25
    at Object.eventWrapper (/Users/niharikakanakala/Desktop/capstone/node_modules/@testing-library/react/dist/pure.js:78:28)
    at fireEvent (/Users/niharikakanakala/Desktop/capstone/node_modules/@testing-library/dom/dist/events.js:16:35)
    at Function.fireEvent.&lt;computed&gt; [as click] (/Users/niharikakanakala/Desktop/capstone/node_modules/@testing-library/dom/dist/events.js:125:36)
    at fireClick (/Users/niharikakanakala/Desktop/capstone/node_modules/@testing-library/user-event/dist/click.js:150:20)
    at clickElement (/Users/niharikakanakala/Desktop/capstone/node_modules/@testing-library/user-event/dist/click.js:91:5)
    at Object.click (/Users/niharikakanakala/Desktop/capstone/node_modules/@testing-library/user-event/dist/click.js:140:5)
    at Object.&lt;anonymous&gt; (/Users/niharikakanakala/Desktop/capstone/main.test.js:132:17)
    at Object.asyncJestTest (/Users/niharikakanakala/Desktop/capstone/node_modules/jest/node_modules/jest-jasmine2/build/jasmineAsyncInstall.js:106:37)
    at /Users/niharikakanakala/Desktop/capstone/node_modules/jest/node_modules/jest-jasmine2/build/queueRunner.js:45:12
    at new Promise (&lt;anonymous&gt;)
    at mapper (/Users/niharikakanakala/Desktop/capstone/node_modules/jest/node_modules/jest-jasmine2/build/queueRunner.js:28:19)
    at /Users/niharikakanakala/Desktop/capstone/node_modules/jest/node_modules/jest-jasmine2/build/queueRunner.js:75:41
    at processTicksAndRejections (internal/process/task_queues.js:95:5)</failure>
    </testcase>
  </testsuite>
</testsuites>